<?xml version="1.0" encoding="UTF-8"?>
<testng-results ignored="0" total="1" passed="1" failed="0" skipped="0">
  <reporter-output>
  </reporter-output>
  <suite started-at="2025-05-08T12:24:22 IST" name="Suite" finished-at="2025-05-08T12:24:31 IST" duration-ms="9567">
    <groups>
    </groups>
    <test started-at="2025-05-08T12:24:22 IST" name="Test" finished-at="2025-05-08T12:24:31 IST" duration-ms="9567">
      <class name="Test3.DemoTest">
        <test-method signature="m1()[pri:0, instance:Test3.DemoTest@459e9125]" started-at="2025-05-08T12:24:22 IST" name="m1" finished-at="2025-05-08T12:24:31 IST" duration-ms="9476" status="PASS">
          <reporter-output>
          </reporter-output>
        </test-method> <!-- m1 -->
      </class> <!-- Test3.DemoTest -->
    </test> <!-- Test -->
  </suite> <!-- Suite -->
</testng-results>
